Using pre-set license
Built from '2022.3/release' branch; Version is '2022.3.5f1 (9674261d40ee) revision 9860134'; Using compiler version '192829333'; Build Type 'Release'
OS: 'Windows 10  (10.0.19045) 64bit Professional' Language: 'es' Physical Memory: 16310 MB
BatchMode: 1, IsHumanControllingUs: 0, StartBugReporterOnCrash: 0, Is64bit: 1, IsPro: 1

COMMAND LINE ARGUMENTS:
C:\Program Files\Unity\Hub\Editor\2022.3.5f1\Editor\Unity.exe
-adb2
-batchMode
-noUpm
-name
AssetImportWorker0
-projectPath
C:/Users/manuf/OneDrive/Documentos/GitHub/KinoGlitch
-logFile
Logs/AssetImportWorker0.log
-srvPort
49233
Successfully changed project path to: C:/Users/manuf/OneDrive/Documentos/GitHub/KinoGlitch
C:/Users/manuf/OneDrive/Documentos/GitHub/KinoGlitch
[UnityMemory] Configuration Parameters - Can be set up in boot.config
    "memorysetup-bucket-allocator-granularity=16"
    "memorysetup-bucket-allocator-bucket-count=8"
    "memorysetup-bucket-allocator-block-size=33554432"
    "memorysetup-bucket-allocator-block-count=8"
    "memorysetup-main-allocator-block-size=16777216"
    "memorysetup-thread-allocator-block-size=16777216"
    "memorysetup-gfx-main-allocator-block-size=16777216"
    "memorysetup-gfx-thread-allocator-block-size=16777216"
    "memorysetup-cache-allocator-block-size=4194304"
    "memorysetup-typetree-allocator-block-size=2097152"
    "memorysetup-profiler-bucket-allocator-granularity=16"
    "memorysetup-profiler-bucket-allocator-bucket-count=8"
    "memorysetup-profiler-bucket-allocator-block-size=33554432"
    "memorysetup-profiler-bucket-allocator-block-count=8"
    "memorysetup-profiler-allocator-block-size=16777216"
    "memorysetup-profiler-editor-allocator-block-size=1048576"
    "memorysetup-temp-allocator-size-main=16777216"
    "memorysetup-job-temp-allocator-block-size=2097152"
    "memorysetup-job-temp-allocator-block-size-background=1048576"
    "memorysetup-job-temp-allocator-reduction-small-platforms=262144"
    "memorysetup-allocator-temp-initial-block-size-main=262144"
    "memorysetup-allocator-temp-initial-block-size-worker=262144"
    "memorysetup-temp-allocator-size-background-worker=32768"
    "memorysetup-temp-allocator-size-job-worker=262144"
    "memorysetup-temp-allocator-size-preload-manager=33554432"
    "memorysetup-temp-allocator-size-nav-mesh-worker=65536"
    "memorysetup-temp-allocator-size-audio-worker=65536"
    "memorysetup-temp-allocator-size-cloud-worker=32768"
    "memorysetup-temp-allocator-size-gi-baking-worker=262144"
    "memorysetup-temp-allocator-size-gfx=262144"
Player connection [9192] Host "[IP] 192.168.1.42 [Port] 0 [Flags] 2 [Guid] 1911425619 [EditorId] 1911425619 [Version] 1048832 [Id] WindowsEditor(7,DESKTOP-0Q7OPSO) [Debug] 1 [PackageName] WindowsEditor [ProjectName] Editor" joined multi-casting on [225.0.0.222:54997]...

Player connection [9192] Host "[IP] 192.168.1.42 [Port] 0 [Flags] 2 [Guid] 1911425619 [EditorId] 1911425619 [Version] 1048832 [Id] WindowsEditor(7,DESKTOP-0Q7OPSO) [Debug] 1 [PackageName] WindowsEditor [ProjectName] Editor" joined alternative multi-casting on [225.0.0.222:34997]...

Refreshing native plugins compatible for Editor in 0.00 ms, found 0 plugins.
Preloading 0 native plugins for Editor in 0.00 ms.
Initialize engine version: 2022.3.5f1 (9674261d40ee)
[Subsystems] Discovering subsystems at path C:/Program Files/Unity/Hub/Editor/2022.3.5f1/Editor/Data/Resources/UnitySubsystems
[Subsystems] Discovering subsystems at path C:/Users/manuf/OneDrive/Documentos/GitHub/KinoGlitch/Assets
GfxDevice: creating device client; threaded=0; jobified=0
Direct3D:
    Version:  Direct3D 11.0 [level 11.1]
    Renderer: NVIDIA GeForce GTX 1060 3GB (ID=0x1c02)
    Vendor:   NVIDIA
    VRAM:     2965 MB
    Driver:   32.0.15.6590
Initialize mono
Mono path[0] = 'C:/Program Files/Unity/Hub/Editor/2022.3.5f1/Editor/Data/Managed'
Mono path[1] = 'C:/Program Files/Unity/Hub/Editor/2022.3.5f1/Editor/Data/MonoBleedingEdge/lib/mono/unityjit-win32'
Mono config path = 'C:/Program Files/Unity/Hub/Editor/2022.3.5f1/Editor/Data/MonoBleedingEdge/etc'
Using monoOptions --debugger-agent=transport=dt_socket,embedding=1,server=y,suspend=n,address=127.0.0.1:56652
Begin MonoManager ReloadAssembly
Registering precompiled unity dll's ...
Register platform support module: C:/Program Files/Unity/Hub/Editor/2022.3.5f1/Editor/Data/PlaybackEngines/AndroidPlayer/UnityEditor.Android.Extensions.dll
Register platform support module: C:/Program Files/Unity/Hub/Editor/2022.3.5f1/Editor/Data/PlaybackEngines/WindowsStandaloneSupport/UnityEditor.WindowsStandalone.Extensions.dll
Registered in 0.013865 seconds.
- Loaded All Assemblies, in  0.531 seconds
Native extension for WindowsStandalone target not found
Native extension for Android target not found
Android Extension - Scanning For ADB Devices 1234 ms
Mono: successfully reloaded assembly
- Finished resetting the current domain, in  1.750 seconds
Domain Reload Profiling: 2280ms
	BeginReloadAssembly (154ms)
		ExecutionOrderSort (0ms)
		DisableScriptedObjects (0ms)
		BackupInstance (0ms)
		ReleaseScriptingObjects (0ms)
		CreateAndSetChildDomain (1ms)
	RebuildCommonClasses (49ms)
	RebuildNativeTypeToScriptingClass (18ms)
	initialDomainReloadingComplete (85ms)
	LoadAllAssembliesAndSetupDomain (223ms)
		LoadAssemblies (152ms)
		RebuildTransferFunctionScriptingTraits (0ms)
		AnalyzeDomain (213ms)
			TypeCache.Refresh (212ms)
				TypeCache.ScanAssembly (196ms)
			ScanForSourceGeneratedMonoScriptInfo (0ms)
			ResolveRequiredComponents (1ms)
	FinalizeReload (1750ms)
		ReleaseScriptCaches (0ms)
		RebuildScriptCaches (0ms)
		SetupLoadedEditorAssemblies (1558ms)
			LogAssemblyErrors (0ms)
			InitializePlatformSupportModulesInManaged (1401ms)
			SetLoadedEditorAssemblies (4ms)
			RefreshPlugins (0ms)
			BeforeProcessingInitializeOnLoad (2ms)
			ProcessInitializeOnLoadAttributes (102ms)
			ProcessInitializeOnLoadMethodAttributes (48ms)
			AfterProcessingInitializeOnLoad (0ms)
			EditorAssembliesLoaded (0ms)
		ExecutionOrderSort2 (0ms)
		AwakeInstancesAfterBackupRestoration (0ms)
========================================================================
Worker process is ready to serve import requests
Begin MonoManager ReloadAssembly
- Loaded All Assemblies, in  0.368 seconds
Refreshing native plugins compatible for Editor in 0.00 ms, found 0 plugins.
Native extension for WindowsStandalone target not found
Native extension for Android target not found
Mono: successfully reloaded assembly
- Finished resetting the current domain, in  0.381 seconds
Domain Reload Profiling: 748ms
	BeginReloadAssembly (138ms)
		ExecutionOrderSort (0ms)
		DisableScriptedObjects (6ms)
		BackupInstance (0ms)
		ReleaseScriptingObjects (0ms)
		CreateAndSetChildDomain (25ms)
	RebuildCommonClasses (34ms)
	RebuildNativeTypeToScriptingClass (12ms)
	initialDomainReloadingComplete (25ms)
	LoadAllAssembliesAndSetupDomain (158ms)
		LoadAssemblies (74ms)
		RebuildTransferFunctionScriptingTraits (0ms)
		AnalyzeDomain (150ms)
			TypeCache.Refresh (148ms)
				TypeCache.ScanAssembly (137ms)
			ScanForSourceGeneratedMonoScriptInfo (1ms)
			ResolveRequiredComponents (1ms)
	FinalizeReload (381ms)
		ReleaseScriptCaches (0ms)
		RebuildScriptCaches (0ms)
		SetupLoadedEditorAssemblies (215ms)
			LogAssemblyErrors (0ms)
			InitializePlatformSupportModulesInManaged (28ms)
			SetLoadedEditorAssemblies (5ms)
			RefreshPlugins (0ms)
			BeforeProcessingInitializeOnLoad (31ms)
			ProcessInitializeOnLoadAttributes (122ms)
			ProcessInitializeOnLoadMethodAttributes (19ms)
			AfterProcessingInitializeOnLoad (9ms)
			EditorAssembliesLoaded (0ms)
		ExecutionOrderSort2 (0ms)
		AwakeInstancesAfterBackupRestoration (7ms)
Launched and connected shader compiler UnityShaderCompiler.exe after 0.07 seconds
Refreshing native plugins compatible for Editor in 0.00 ms, found 0 plugins.
Preloading 0 native plugins for Editor in 0.00 ms.
Unloading 18 Unused Serialized files (Serialized files now loaded: 0)
Unloading 3 unused Assets / (48.5 KB). Loaded Objects now: 494.
Memory consumption went from 52.2 MB to 52.1 MB.
Total: 2.515500 ms (FindLiveObjects: 0.047300 ms CreateObjectMapping: 0.004300 ms MarkObjects: 2.381200 ms  DeleteObjects: 0.080800 ms)

AssetImportParameters requested are different than current active one (requested -> active):
  custom:video-decoder-ogg-theora: a1e56fd34408186e4bbccfd4996cb3dc -> 
  custom:container-muxer-webm: aa71ff27fc2769a1b78a27578f13a17b -> 
  custom:container-demuxer-webm: 4f35f7cbe854078d1ac9338744f61a02 -> 
  custom:video-encoder-webm-vp8: eb34c28f22e8b96e1ab97ce403110664 -> 
  custom:audio-encoder-webm-vorbis: bf7c407c2cedff20999df2af8eb42d56 -> 
  custom:framework-win-MediaFoundation: 216162199b28c13a410421893ffa2e32 -> 
  custom:container-demuxer-ogg: 62fdf1f143b41e24485cea50d1cbac27 -> 
  custom:video-decoder-webm-vp8: 9c59270c3fd7afecdb556c50c9e8de78 -> 
  custom:audio-decoder-ogg-vorbis: bf7c407c2cedff20999df2af8eb42d56 -> 
  custom:AudioImporter_EditorPlatform: d09bf68614088b80899f8185d706f6e7 -> 
========================================================================
Received Import Request.
  Time since last request: 17197.829568 seconds.
  path: Assets/Test/Test.unity
  artifactKey: Guid(063e3411f747c4651a4db83a8f64c3df) Importer(815301076,1909f56bfc062723c751e8b465ee728b)
Start importing Assets/Test/Test.unity using Guid(063e3411f747c4651a4db83a8f64c3df) Importer(815301076,1909f56bfc062723c751e8b465ee728b)  -> (artifact id: '5677871532eff444b8e20204910e22e7') in 0.002933 seconds
Number of updated asset objects reloaded before import = 0
Number of asset objects unloaded after import = 0
========================================================================
Received Import Request.
  Time since last request: 0.000016 seconds.
  path: Assets/Test
  artifactKey: Guid(56a4f9fe91aa047ec87c7a4cba7af826) Importer(815301076,1909f56bfc062723c751e8b465ee728b)
Start importing Assets/Test using Guid(56a4f9fe91aa047ec87c7a4cba7af826) Importer(815301076,1909f56bfc062723c751e8b465ee728b)  -> (artifact id: '2d3500a053e48b5b6e350ef13cdd88d1') in 0.000418 seconds
Number of updated asset objects reloaded before import = 0
Number of asset objects unloaded after import = 0
========================================================================
Received Prepare
Refreshing native plugins compatible for Editor in 0.00 ms, found 0 plugins.
Preloading 0 native plugins for Editor in 0.00 ms.
Unloading 1 Unused Serialized files (Serialized files now loaded: 0)
Unloading 1 unused Assets / (3.0 KB). Loaded Objects now: 494.
Memory consumption went from 50.4 MB to 50.4 MB.
Total: 2.016700 ms (FindLiveObjects: 0.042900 ms CreateObjectMapping: 0.003900 ms MarkObjects: 1.953200 ms  DeleteObjects: 0.016000 ms)

Prepare: number of updated asset objects reloaded= 0
AssetImportParameters requested are different than current active one (requested -> active):
  custom:container-muxer-webm: aa71ff27fc2769a1b78a27578f13a17b -> 
  custom:video-decoder-ogg-theora: a1e56fd34408186e4bbccfd4996cb3dc -> 
  custom:container-demuxer-webm: 4f35f7cbe854078d1ac9338744f61a02 -> 
  custom:video-encoder-webm-vp8: eb34c28f22e8b96e1ab97ce403110664 -> 
  custom:CustomObjectIndexerAttribute: 756ad292c208cfabdd7b50bc23989ffe -> 
  custom:audio-encoder-webm-vorbis: bf7c407c2cedff20999df2af8eb42d56 -> 
  custom:framework-win-MediaFoundation: 216162199b28c13a410421893ffa2e32 -> 
  custom:container-demuxer-ogg: 62fdf1f143b41e24485cea50d1cbac27 -> 
  custom:video-decoder-webm-vp8: 9c59270c3fd7afecdb556c50c9e8de78 -> 
  custom:audio-decoder-ogg-vorbis: bf7c407c2cedff20999df2af8eb42d56 -> 
  custom:AudioImporter_EditorPlatform: d09bf68614088b80899f8185d706f6e7 -> 
========================================================================
Received Prepare
Begin MonoManager ReloadAssembly
- Loaded All Assemblies, in  0.208 seconds
Refreshing native plugins compatible for Editor in 0.00 ms, found 0 plugins.
Native extension for WindowsStandalone target not found
Native extension for Android target not found
Mono: successfully reloaded assembly
- Finished resetting the current domain, in  0.327 seconds
Domain Reload Profiling: 534ms
	BeginReloadAssembly (129ms)
		ExecutionOrderSort (0ms)
		DisableScriptedObjects (5ms)
		BackupInstance (0ms)
		ReleaseScriptingObjects (0ms)
		CreateAndSetChildDomain (20ms)
	RebuildCommonClasses (32ms)
	RebuildNativeTypeToScriptingClass (11ms)
	initialDomainReloadingComplete (25ms)
	LoadAllAssembliesAndSetupDomain (9ms)
		LoadAssemblies (71ms)
		RebuildTransferFunctionScriptingTraits (0ms)
		AnalyzeDomain (1ms)
			TypeCache.Refresh (0ms)
				TypeCache.ScanAssembly (0ms)
			ScanForSourceGeneratedMonoScriptInfo (0ms)
			ResolveRequiredComponents (1ms)
	FinalizeReload (328ms)
		ReleaseScriptCaches (0ms)
		RebuildScriptCaches (0ms)
		SetupLoadedEditorAssemblies (200ms)
			LogAssemblyErrors (0ms)
			InitializePlatformSupportModulesInManaged (25ms)
			SetLoadedEditorAssemblies (6ms)
			RefreshPlugins (0ms)
			BeforeProcessingInitializeOnLoad (28ms)
			ProcessInitializeOnLoadAttributes (114ms)
			ProcessInitializeOnLoadMethodAttributes (18ms)
			AfterProcessingInitializeOnLoad (9ms)
			EditorAssembliesLoaded (0ms)
		ExecutionOrderSort2 (0ms)
		AwakeInstancesAfterBackupRestoration (6ms)
Refreshing native plugins compatible for Editor in 0.00 ms, found 0 plugins.
Preloading 0 native plugins for Editor in 0.00 ms.
Unloading 11 Unused Serialized files (Serialized files now loaded: 0)
Unloading 1 unused Assets / (22.7 KB). Loaded Objects now: 494.
Memory consumption went from 50.8 MB to 50.8 MB.
Total: 1.975700 ms (FindLiveObjects: 0.042300 ms CreateObjectMapping: 0.003200 ms MarkObjects: 1.911300 ms  DeleteObjects: 0.018100 ms)

Prepare: number of updated asset objects reloaded= 0
AssetImportParameters requested are different than current active one (requested -> active):
  custom:container-muxer-webm: aa71ff27fc2769a1b78a27578f13a17b -> 
  custom:video-decoder-ogg-theora: a1e56fd34408186e4bbccfd4996cb3dc -> 
  custom:container-demuxer-webm: 4f35f7cbe854078d1ac9338744f61a02 -> 
  custom:video-encoder-webm-vp8: eb34c28f22e8b96e1ab97ce403110664 -> 
  custom:CustomObjectIndexerAttribute: 756ad292c208cfabdd7b50bc23989ffe -> 
  custom:audio-encoder-webm-vorbis: bf7c407c2cedff20999df2af8eb42d56 -> 
  custom:framework-win-MediaFoundation: 216162199b28c13a410421893ffa2e32 -> 
  custom:container-demuxer-ogg: 62fdf1f143b41e24485cea50d1cbac27 -> 
  custom:video-decoder-webm-vp8: 9c59270c3fd7afecdb556c50c9e8de78 -> 
  custom:audio-decoder-ogg-vorbis: bf7c407c2cedff20999df2af8eb42d56 -> 
  custom:AudioImporter_EditorPlatform: d09bf68614088b80899f8185d706f6e7 -> 
========================================================================
Received Import Request.
  Time since last request: 59.384839 seconds.
  path: Assets/Test/TestSettings.lighting
  artifactKey: Guid(306110cd167ed7542a0e683f2371e923) Importer(815301076,1909f56bfc062723c751e8b465ee728b)
Start importing Assets/Test/TestSettings.lighting using Guid(306110cd167ed7542a0e683f2371e923) Importer(815301076,1909f56bfc062723c751e8b465ee728b) LightingSettings: switching bake backend from 1 to 0.
 -> (artifact id: '1c88872c237175ce7ef048f038a1a93d') in 0.011609 seconds
Number of updated asset objects reloaded before import = 0
Number of asset objects unloaded after import = 1
========================================================================
Received Import Request.
  Time since last request: 5.385646 seconds.
  path: Assets/Test/Test.controller
  artifactKey: Guid(7c0b5746436194670a1330e701de40f9) Importer(815301076,1909f56bfc062723c751e8b465ee728b)
Start importing Assets/Test/Test.controller using Guid(7c0b5746436194670a1330e701de40f9) Importer(815301076,1909f56bfc062723c751e8b465ee728b)  -> (artifact id: 'e78952074601ef7caa896283247e39bb') in 0.002279 seconds
Number of updated asset objects reloaded before import = 0
Number of asset objects unloaded after import = 4
========================================================================
Received Import Request.
  Time since last request: 1.328291 seconds.
  path: Assets/Test/Test.anim
  artifactKey: Guid(c92a929b1f32e4496b7427c82990427b) Importer(815301076,1909f56bfc062723c751e8b465ee728b)
Start importing Assets/Test/Test.anim using Guid(c92a929b1f32e4496b7427c82990427b) Importer(815301076,1909f56bfc062723c751e8b465ee728b)  -> (artifact id: '721783fcd00a1db89d4e3dbd216cc175') in 0.001203 seconds
Number of updated asset objects reloaded before import = 0
Number of asset objects unloaded after import = 1
========================================================================
Received Import Request.
  Time since last request: 20.970184 seconds.
  path: Assets/CalibrationScene
  artifactKey: Guid(22bf75832c2aa58408234a70b32592ba) Importer(815301076,1909f56bfc062723c751e8b465ee728b)
Start importing Assets/CalibrationScene using Guid(22bf75832c2aa58408234a70b32592ba) Importer(815301076,1909f56bfc062723c751e8b465ee728b)  -> (artifact id: 'e5ab97ab96eb1e464b63a9932add4e75') in 0.000531 seconds
Number of updated asset objects reloaded before import = 0
Number of asset objects unloaded after import = 0
========================================================================
Received Import Request.
  Time since last request: 1.383132 seconds.
  path: Assets/CalibrationScene/Model
  artifactKey: Guid(06be75fcdb47e414190cdbc647c5ba06) Importer(815301076,1909f56bfc062723c751e8b465ee728b)
Start importing Assets/CalibrationScene/Model using Guid(06be75fcdb47e414190cdbc647c5ba06) Importer(815301076,1909f56bfc062723c751e8b465ee728b)  -> (artifact id: 'b7bb331c1ecba7dd6974e156d2ccc103') in 0.000568 seconds
Number of updated asset objects reloaded before import = 0
Number of asset objects unloaded after import = 0
========================================================================
Received Import Request.
  Time since last request: 0.050756 seconds.
  path: Assets/CalibrationScene/Model/SamplePot.fbx
  artifactKey: Guid(ca5eceb85768ac841bd2c12921c1cef2) Importer(815301076,1909f56bfc062723c751e8b465ee728b)
Start importing Assets/CalibrationScene/Model/SamplePot.fbx using Guid(ca5eceb85768ac841bd2c12921c1cef2) Importer(815301076,1909f56bfc062723c751e8b465ee728b)  -> (artifact id: '35390b363d47d2415293bd0696c91ca2') in 0.724433 seconds
Number of updated asset objects reloaded before import = 0
Number of asset objects unloaded after import = 28
========================================================================
Received Import Request.
  Time since last request: 2.248506 seconds.
  path: Assets/CalibrationScene/SceneMaterials
  artifactKey: Guid(d89d43aab94d0dc4291abeeb18851432) Importer(815301076,1909f56bfc062723c751e8b465ee728b)
Start importing Assets/CalibrationScene/SceneMaterials using Guid(d89d43aab94d0dc4291abeeb18851432) Importer(815301076,1909f56bfc062723c751e8b465ee728b)  -> (artifact id: 'f1fce297d7791ede5fc9c56354fb9933') in 0.000626 seconds
Number of updated asset objects reloaded before import = 0
Number of asset objects unloaded after import = 0
========================================================================
Received Import Request.
  Time since last request: 0.062498 seconds.
  path: Assets/CalibrationScene/SceneMaterials/CalibrationFloor.mat
  artifactKey: Guid(d681c1d72c3c16149abd2f0f25ca628c) Importer(815301076,1909f56bfc062723c751e8b465ee728b)
Start importing Assets/CalibrationScene/SceneMaterials/CalibrationFloor.mat using Guid(d681c1d72c3c16149abd2f0f25ca628c) Importer(815301076,1909f56bfc062723c751e8b465ee728b)  -> (artifact id: 'a4f9212f5c94195302ca1178670fbfe0') in 0.267742 seconds
Number of updated asset objects reloaded before import = 0
Number of asset objects unloaded after import = 4
========================================================================
Received Import Request.
  Time since last request: 0.000024 seconds.
  path: Assets/CalibrationScene/SceneMaterials/SamplePotLabelDefault.mat
  artifactKey: Guid(21ad813c1c7068148b95e5ad7e778e9a) Importer(815301076,1909f56bfc062723c751e8b465ee728b)
Start importing Assets/CalibrationScene/SceneMaterials/SamplePotLabelDefault.mat using Guid(21ad813c1c7068148b95e5ad7e778e9a) Importer(815301076,1909f56bfc062723c751e8b465ee728b)  -> (artifact id: '80674b9776b55266161478966a8eabcf') in 0.014054 seconds
Number of updated asset objects reloaded before import = 0
Number of asset objects unloaded after import = 2
========================================================================
Received Import Request.
  Time since last request: 0.000029 seconds.
  path: Assets/CalibrationScene/SceneMaterials/SamplePotBodyDefault.mat
  artifactKey: Guid(513be97af77476a4b8cdec635a335baf) Importer(815301076,1909f56bfc062723c751e8b465ee728b)
Start importing Assets/CalibrationScene/SceneMaterials/SamplePotBodyDefault.mat using Guid(513be97af77476a4b8cdec635a335baf) Importer(815301076,1909f56bfc062723c751e8b465ee728b)  -> (artifact id: '512f441da56c8ed05666093763c3e8da') in 0.017431 seconds
Number of updated asset objects reloaded before import = 0
Number of asset objects unloaded after import = 3
========================================================================
Received Import Request.
  Time since last request: 0.000018 seconds.
  path: Assets/CalibrationScene/SceneMaterials/SamplePotLidLiner.mat
  artifactKey: Guid(ca06f93560796e44488dfacf07f98022) Importer(815301076,1909f56bfc062723c751e8b465ee728b)
Start importing Assets/CalibrationScene/SceneMaterials/SamplePotLidLiner.mat using Guid(ca06f93560796e44488dfacf07f98022) Importer(815301076,1909f56bfc062723c751e8b465ee728b)  -> (artifact id: 'd35af4eeae643d763a762243aa3cbfb1') in 0.014483 seconds
Number of updated asset objects reloaded before import = 0
Number of asset objects unloaded after import = 1
========================================================================
Received Import Request.
  Time since last request: 0.000025 seconds.
  path: Assets/CalibrationScene/SceneMaterials/SamplePotLidGrey.mat
  artifactKey: Guid(5b8fb31923ca82941b329f956f98ffd6) Importer(815301076,1909f56bfc062723c751e8b465ee728b)
Start importing Assets/CalibrationScene/SceneMaterials/SamplePotLidGrey.mat using Guid(5b8fb31923ca82941b329f956f98ffd6) Importer(815301076,1909f56bfc062723c751e8b465ee728b)  -> (artifact id: '0d7d2538feddb4020ba633034b9cedb3') in 0.014916 seconds
Number of updated asset objects reloaded before import = 0
Number of asset objects unloaded after import = 3
========================================================================
Received Import Request.
  Time since last request: 2.321804 seconds.
  path: Assets/CalibrationScene/SceneTextures
  artifactKey: Guid(9c3aaf057d431d24e8e984539bed3e74) Importer(815301076,1909f56bfc062723c751e8b465ee728b)
Start importing Assets/CalibrationScene/SceneTextures using Guid(9c3aaf057d431d24e8e984539bed3e74) Importer(815301076,1909f56bfc062723c751e8b465ee728b)  -> (artifact id: 'b0a03b4e6c389c62e80af98165251f25') in 0.000548 seconds
Number of updated asset objects reloaded before import = 0
Number of asset objects unloaded after import = 0
========================================================================
Received Import Request.
  Time since last request: 0.054881 seconds.
  path: Assets/CalibrationScene/SceneTextures/CalibrationFloorDiffuse.tif
  artifactKey: Guid(ca7ba913502c8bb44a66350131805326) Importer(815301076,1909f56bfc062723c751e8b465ee728b)
Start importing Assets/CalibrationScene/SceneTextures/CalibrationFloorDiffuse.tif using Guid(ca7ba913502c8bb44a66350131805326) Importer(815301076,1909f56bfc062723c751e8b465ee728b)  -> (artifact id: '0aea5b5d1ad6cf1e585d11fc144c0959') in 0.034968 seconds
Number of updated asset objects reloaded before import = 0
Number of asset objects unloaded after import = 2
========================================================================
Received Import Request.
  Time since last request: 0.000021 seconds.
  path: Assets/CalibrationScene/SceneTextures/SamplePotLidOcclusion.tif
  artifactKey: Guid(31a7168fca1b7ba4dbf20238423ab565) Importer(815301076,1909f56bfc062723c751e8b465ee728b)
Start importing Assets/CalibrationScene/SceneTextures/SamplePotLidOcclusion.tif using Guid(31a7168fca1b7ba4dbf20238423ab565) Importer(815301076,1909f56bfc062723c751e8b465ee728b)  -> (artifact id: '31f56a5f076d14f3e30184746e050995') in 0.020324 seconds
Number of updated asset objects reloaded before import = 0
Number of asset objects unloaded after import = 2
========================================================================
Received Import Request.
  Time since last request: 0.000023 seconds.
  path: Assets/CalibrationScene/SceneTextures/SamplePotOcclusion.tif
  artifactKey: Guid(b3dc25610533c0c4eaf642fb5a306aac) Importer(815301076,1909f56bfc062723c751e8b465ee728b)
Start importing Assets/CalibrationScene/SceneTextures/SamplePotOcclusion.tif using Guid(b3dc25610533c0c4eaf642fb5a306aac) Importer(815301076,1909f56bfc062723c751e8b465ee728b)  -> (artifact id: '0a4c8ecd1f81e1532bf3f9fbef57b091') in 0.019022 seconds
Number of updated asset objects reloaded before import = 0
Number of asset objects unloaded after import = 2
========================================================================
Received Import Request.
  Time since last request: 0.000018 seconds.
  path: Assets/CalibrationScene/SceneTextures/SamplePotLabelDefaultDiffuse.tif
  artifactKey: Guid(f81be78bc1f158d45955e9677bcb06b1) Importer(815301076,1909f56bfc062723c751e8b465ee728b)
Start importing Assets/CalibrationScene/SceneTextures/SamplePotLabelDefaultDiffuse.tif using Guid(f81be78bc1f158d45955e9677bcb06b1) Importer(815301076,1909f56bfc062723c751e8b465ee728b)  -> (artifact id: '816b773740ab1ddfc1e9e17ec54e076f') in 0.018007 seconds
Number of updated asset objects reloaded before import = 0
Number of asset objects unloaded after import = 2
========================================================================
Received Import Request.
  Time since last request: 0.000037 seconds.
  path: Assets/CalibrationScene/SceneTextures/SamplePotLidNormals.tif
  artifactKey: Guid(9d3f5dc1b9424b448a183393e38e465e) Importer(815301076,1909f56bfc062723c751e8b465ee728b)
Start importing Assets/CalibrationScene/SceneTextures/SamplePotLidNormals.tif using Guid(9d3f5dc1b9424b448a183393e38e465e) Importer(815301076,1909f56bfc062723c751e8b465ee728b)  -> (artifact id: '6d22cb326c65ee5dadaddf08e52d3529') in 0.031266 seconds
Number of updated asset objects reloaded before import = 0
Number of asset objects unloaded after import = 2
========================================================================
Received Import Request.
  Time since last request: 0.000020 seconds.
  path: Assets/CalibrationScene/SceneTextures/CalibrationFloorNormals.tif
  artifactKey: Guid(768fa469bdce74c4984c44cbb180b832) Importer(815301076,1909f56bfc062723c751e8b465ee728b)
Start importing Assets/CalibrationScene/SceneTextures/CalibrationFloorNormals.tif using Guid(768fa469bdce74c4984c44cbb180b832) Importer(815301076,1909f56bfc062723c751e8b465ee728b)  -> (artifact id: '2265684b605a385bbc4c50e1227fe12d') in 0.019210 seconds
Number of updated asset objects reloaded before import = 0
Number of asset objects unloaded after import = 2
========================================================================
Received Import Request.
  Time since last request: 0.000016 seconds.
  path: Assets/CalibrationScene/SceneTextures/SamplePotNormals.tif
  artifactKey: Guid(3108cb470c7731a4cb04f40b8ace2113) Importer(815301076,1909f56bfc062723c751e8b465ee728b)
Start importing Assets/CalibrationScene/SceneTextures/SamplePotNormals.tif using Guid(3108cb470c7731a4cb04f40b8ace2113) Importer(815301076,1909f56bfc062723c751e8b465ee728b)  -> (artifact id: '6b102425e012bd1f23e44d4d3439440e') in 0.020702 seconds
Number of updated asset objects reloaded before import = 0
Number of asset objects unloaded after import = 2
========================================================================
Received Import Request.
  Time since last request: 0.000025 seconds.
  path: Assets/CalibrationScene/SceneTextures/CalibrationFloorSpecularGloss.tif
  artifactKey: Guid(6185fa454db669040887c980e20126fe) Importer(815301076,1909f56bfc062723c751e8b465ee728b)
Start importing Assets/CalibrationScene/SceneTextures/CalibrationFloorSpecularGloss.tif using Guid(6185fa454db669040887c980e20126fe) Importer(815301076,1909f56bfc062723c751e8b465ee728b)  -> (artifact id: '2373b56c8ae21b67f556380f01b67806') in 0.019960 seconds
Number of updated asset objects reloaded before import = 0
Number of asset objects unloaded after import = 2
========================================================================
Received Import Request.
  Time since last request: 4.859051 seconds.
  path: Assets/Editor
  artifactKey: Guid(4fd2d5583441d464f8fa120133849ecb) Importer(815301076,1909f56bfc062723c751e8b465ee728b)
Start importing Assets/Editor using Guid(4fd2d5583441d464f8fa120133849ecb) Importer(815301076,1909f56bfc062723c751e8b465ee728b)  -> (artifact id: '6dd09b1ceeee3ee8499a0fcb9afc7851') in 0.000586 seconds
Number of updated asset objects reloaded before import = 0
Number of asset objects unloaded after import = 0
========================================================================
Received Import Request.
  Time since last request: 1.060319 seconds.
  path: Assets/Editor/PackageTool.cs
  artifactKey: Guid(6ac54410b610f47b18249055e1f9b668) Importer(815301076,1909f56bfc062723c751e8b465ee728b)
Start importing Assets/Editor/PackageTool.cs using Guid(6ac54410b610f47b18249055e1f9b668) Importer(815301076,1909f56bfc062723c751e8b465ee728b)  -> (artifact id: 'af8144cd89ff0c9920f653c8805e7fe3') in 0.000535 seconds
Number of updated asset objects reloaded before import = 0
Number of asset objects unloaded after import = 0
========================================================================
Received Import Request.
  Time since last request: 2.033972 seconds.
  path: Assets/Kino
  artifactKey: Guid(96d6f0c23b5b349a39907f19574573ef) Importer(815301076,1909f56bfc062723c751e8b465ee728b)
Start importing Assets/Kino using Guid(96d6f0c23b5b349a39907f19574573ef) Importer(815301076,1909f56bfc062723c751e8b465ee728b)  -> (artifact id: 'c639352e7256e45a31da8beac6b05af1') in 0.000512 seconds
Number of updated asset objects reloaded before import = 0
Number of asset objects unloaded after import = 0
========================================================================
Received Import Request.
  Time since last request: 0.832502 seconds.
  path: Assets/Kino/Glitch
  artifactKey: Guid(475dbe59af99f4ca78aaef74cdd7db46) Importer(815301076,1909f56bfc062723c751e8b465ee728b)
Start importing Assets/Kino/Glitch using Guid(475dbe59af99f4ca78aaef74cdd7db46) Importer(815301076,1909f56bfc062723c751e8b465ee728b)  -> (artifact id: 'f2a1ede650afc5b9c2df57dbe94d27d0') in 0.000473 seconds
Number of updated asset objects reloaded before import = 0
Number of asset objects unloaded after import = 0
========================================================================
Received Import Request.
  Time since last request: 1.324382 seconds.
  path: Assets/Kino/Glitch/AnalogGlitch.cs
  artifactKey: Guid(870b9a8f0f82f4f56800cc427bcd1025) Importer(815301076,1909f56bfc062723c751e8b465ee728b)
Start importing Assets/Kino/Glitch/AnalogGlitch.cs using Guid(870b9a8f0f82f4f56800cc427bcd1025) Importer(815301076,1909f56bfc062723c751e8b465ee728b)  -> (artifact id: '6e9e3732d4f06012065a53d100d3b5b2') in 0.000559 seconds
Number of updated asset objects reloaded before import = 0
Number of asset objects unloaded after import = 0
========================================================================
Received Import Request.
  Time since last request: 2.094969 seconds.
  path: Assets/Kino/Glitch/Shader
  artifactKey: Guid(2250de079b9f84c57bc993ee77ff4a92) Importer(815301076,1909f56bfc062723c751e8b465ee728b)
Start importing Assets/Kino/Glitch/Shader using Guid(2250de079b9f84c57bc993ee77ff4a92) Importer(815301076,1909f56bfc062723c751e8b465ee728b)  -> (artifact id: '1a7c7fd191b24c21fb8ec744d1ebf331') in 0.000482 seconds
Number of updated asset objects reloaded before import = 0
Number of asset objects unloaded after import = 0
========================================================================
Received Import Request.
  Time since last request: 3.046560 seconds.
  path: Assets/Kino/Glitch/Editor
  artifactKey: Guid(0c37dfef451934b1db26216248b232ed) Importer(815301076,1909f56bfc062723c751e8b465ee728b)
Start importing Assets/Kino/Glitch/Editor using Guid(0c37dfef451934b1db26216248b232ed) Importer(815301076,1909f56bfc062723c751e8b465ee728b)  -> (artifact id: 'df2267cf4e52a6b3a1bdf24bc0f605d6') in 0.000547 seconds
Number of updated asset objects reloaded before import = 0
Number of asset objects unloaded after import = 0
========================================================================
Received Import Request.
  Time since last request: 0.960023 seconds.
  path: Assets/Kino/Glitch/Editor/AnalogGlitchEditor.cs
  artifactKey: Guid(83a6afa77757d4190add8354f39c902c) Importer(815301076,1909f56bfc062723c751e8b465ee728b)
Start importing Assets/Kino/Glitch/Editor/AnalogGlitchEditor.cs using Guid(83a6afa77757d4190add8354f39c902c) Importer(815301076,1909f56bfc062723c751e8b465ee728b)  -> (artifact id: '6e6cb622a418b5ba7dab07fc568118b0') in 0.000536 seconds
Number of updated asset objects reloaded before import = 0
Number of asset objects unloaded after import = 0
========================================================================
Received Import Request.
  Time since last request: 1.497143 seconds.
  path: Assets/Kino/Glitch/Editor/DigitalGlitchEditor.cs
  artifactKey: Guid(51937fa103b7e49a2aecba62a4029a39) Importer(815301076,1909f56bfc062723c751e8b465ee728b)
Start importing Assets/Kino/Glitch/Editor/DigitalGlitchEditor.cs using Guid(51937fa103b7e49a2aecba62a4029a39) Importer(815301076,1909f56bfc062723c751e8b465ee728b)  -> (artifact id: '36356a13d64c12da5dc95bfa6505ce78') in 0.000659 seconds
Number of updated asset objects reloaded before import = 0
Number of asset objects unloaded after import = 0
========================================================================
Received Import Request.
  Time since last request: 2.482014 seconds.
  path: Assets/Reaktion
  artifactKey: Guid(487429d9beca24ae78ab8ac96eb73dde) Importer(815301076,1909f56bfc062723c751e8b465ee728b)
Start importing Assets/Reaktion using Guid(487429d9beca24ae78ab8ac96eb73dde) Importer(815301076,1909f56bfc062723c751e8b465ee728b)  -> (artifact id: 'e872175ce8b6cdd25e31450f6b667131') in 0.000568 seconds
Number of updated asset objects reloaded before import = 0
Number of asset objects unloaded after import = 0
========================================================================
Received Import Request.
  Time since last request: 0.870736 seconds.
  path: Assets/Reaktion/Utility
  artifactKey: Guid(4d874762c14cf4223bd1bcfc86500326) Importer(815301076,1909f56bfc062723c751e8b465ee728b)
Start importing Assets/Reaktion/Utility using Guid(4d874762c14cf4223bd1bcfc86500326) Importer(815301076,1909f56bfc062723c751e8b465ee728b)  -> (artifact id: '712d6f8f3d09cd482c293a93a34e254f') in 0.000525 seconds
Number of updated asset objects reloaded before import = 0
Number of asset objects unloaded after import = 0
========================================================================
Received Import Request.
  Time since last request: 0.825858 seconds.
  path: Assets/Reaktion/Utility/JitterMotion.cs
  artifactKey: Guid(d637268abbbb5428e991dd9ec93136f2) Importer(815301076,1909f56bfc062723c751e8b465ee728b)
Start importing Assets/Reaktion/Utility/JitterMotion.cs using Guid(d637268abbbb5428e991dd9ec93136f2) Importer(815301076,1909f56bfc062723c751e8b465ee728b)  -> (artifact id: '4fb226be5a651ca09412ea2c31598f85') in 0.000654 seconds
Number of updated asset objects reloaded before import = 0
Number of asset objects unloaded after import = 0
========================================================================
Received Import Request.
  Time since last request: 0.891180 seconds.
  path: Assets/Reaktion/Utility/ConstantMotion.cs
  artifactKey: Guid(f91a6fa75d39940268b68c6204273e22) Importer(815301076,1909f56bfc062723c751e8b465ee728b)
Start importing Assets/Reaktion/Utility/ConstantMotion.cs using Guid(f91a6fa75d39940268b68c6204273e22) Importer(815301076,1909f56bfc062723c751e8b465ee728b)  -> (artifact id: 'be7081b7d4b6a7e4fbaf949d3ae2b533') in 0.000554 seconds
Number of updated asset objects reloaded before import = 0
Number of asset objects unloaded after import = 0
========================================================================
Received Prepare
Begin MonoManager ReloadAssembly
- Loaded All Assemblies, in  0.198 seconds
Refreshing native plugins compatible for Editor in 0.00 ms, found 0 plugins.
Native extension for WindowsStandalone target not found
Native extension for Android target not found
Mono: successfully reloaded assembly
- Finished resetting the current domain, in  0.325 seconds
Domain Reload Profiling: 521ms
	BeginReloadAssembly (118ms)
		ExecutionOrderSort (0ms)
		DisableScriptedObjects (4ms)
		BackupInstance (0ms)
		ReleaseScriptingObjects (0ms)
		CreateAndSetChildDomain (19ms)
	RebuildCommonClasses (32ms)
	RebuildNativeTypeToScriptingClass (12ms)
	initialDomainReloadingComplete (25ms)
	LoadAllAssembliesAndSetupDomain (9ms)
		LoadAssemblies (69ms)
		RebuildTransferFunctionScriptingTraits (0ms)
		AnalyzeDomain (1ms)
			TypeCache.Refresh (0ms)
				TypeCache.ScanAssembly (0ms)
			ScanForSourceGeneratedMonoScriptInfo (0ms)
			ResolveRequiredComponents (1ms)
	FinalizeReload (326ms)
		ReleaseScriptCaches (0ms)
		RebuildScriptCaches (0ms)
		SetupLoadedEditorAssemblies (199ms)
			LogAssemblyErrors (0ms)
			InitializePlatformSupportModulesInManaged (25ms)
			SetLoadedEditorAssemblies (5ms)
			RefreshPlugins (0ms)
			BeforeProcessingInitializeOnLoad (27ms)
			ProcessInitializeOnLoadAttributes (114ms)
			ProcessInitializeOnLoadMethodAttributes (19ms)
			AfterProcessingInitializeOnLoad (8ms)
			EditorAssembliesLoaded (0ms)
		ExecutionOrderSort2 (0ms)
		AwakeInstancesAfterBackupRestoration (6ms)
Refreshing native plugins compatible for Editor in 0.00 ms, found 0 plugins.
Preloading 0 native plugins for Editor in 0.00 ms.
Unloading 10 Unused Serialized files (Serialized files now loaded: 0)
Unloading 1 unused Assets / (22.7 KB). Loaded Objects now: 543.
Memory consumption went from 51.5 MB to 51.5 MB.
Total: 1.999700 ms (FindLiveObjects: 0.046600 ms CreateObjectMapping: 0.003500 ms MarkObjects: 1.930900 ms  DeleteObjects: 0.017700 ms)

Prepare: number of updated asset objects reloaded= 0
AssetImportParameters requested are different than current active one (requested -> active):
  custom:container-muxer-webm: aa71ff27fc2769a1b78a27578f13a17b -> 
  custom:video-decoder-ogg-theora: a1e56fd34408186e4bbccfd4996cb3dc -> 
  custom:container-demuxer-webm: 4f35f7cbe854078d1ac9338744f61a02 -> 
  custom:video-encoder-webm-vp8: eb34c28f22e8b96e1ab97ce403110664 -> 
  custom:CustomObjectIndexerAttribute: 756ad292c208cfabdd7b50bc23989ffe -> 
  custom:audio-encoder-webm-vorbis: bf7c407c2cedff20999df2af8eb42d56 -> 
  custom:framework-win-MediaFoundation: 216162199b28c13a410421893ffa2e32 -> 
  custom:container-demuxer-ogg: 62fdf1f143b41e24485cea50d1cbac27 -> 
  custom:video-decoder-webm-vp8: 9c59270c3fd7afecdb556c50c9e8de78 -> 
  custom:audio-decoder-ogg-vorbis: bf7c407c2cedff20999df2af8eb42d56 -> 
  custom:AudioImporter_EditorPlatform: d09bf68614088b80899f8185d706f6e7 -> 
========================================================================
Received Import Request.
  Time since last request: 196.543185 seconds.
  path: Assets/Kino/Glitch/Shader/DigitalGlitch.shader
  artifactKey: Guid(ba40dc630e1d9417cb9ea22586ece1e1) Importer(815301076,1909f56bfc062723c751e8b465ee728b)
Start importing Assets/Kino/Glitch/Shader/DigitalGlitch.shader using Guid(ba40dc630e1d9417cb9ea22586ece1e1) Importer(815301076,1909f56bfc062723c751e8b465ee728b)  -> (artifact id: 'c25042a552dac2b7f7f097d4ccfd675d') in 0.010910 seconds
Number of updated asset objects reloaded before import = 0
Number of asset objects unloaded after import = 0
========================================================================
Received Import Request.
  Time since last request: 2.672156 seconds.
  path: Assets/Kino/Glitch/Shader/AnalogGlitch.shader
  artifactKey: Guid(da33272284ea24f208f36998880990be) Importer(815301076,1909f56bfc062723c751e8b465ee728b)
Start importing Assets/Kino/Glitch/Shader/AnalogGlitch.shader using Guid(da33272284ea24f208f36998880990be) Importer(815301076,1909f56bfc062723c751e8b465ee728b)  -> (artifact id: 'f16ae514711af9dab4e29ed748a44dc3') in 0.000834 seconds
Number of updated asset objects reloaded before import = 0
Number of asset objects unloaded after import = 0
========================================================================
Received Prepare
Begin MonoManager ReloadAssembly
- Loaded All Assemblies, in  0.202 seconds
Refreshing native plugins compatible for Editor in 0.00 ms, found 0 plugins.
Native extension for WindowsStandalone target not found
Native extension for Android target not found
Mono: successfully reloaded assembly
- Finished resetting the current domain, in  0.335 seconds
Domain Reload Profiling: 535ms
	BeginReloadAssembly (120ms)
		ExecutionOrderSort (0ms)
		DisableScriptedObjects (5ms)
		BackupInstance (0ms)
		ReleaseScriptingObjects (0ms)
		CreateAndSetChildDomain (17ms)
	RebuildCommonClasses (34ms)
	RebuildNativeTypeToScriptingClass (11ms)
	initialDomainReloadingComplete (25ms)
	LoadAllAssembliesAndSetupDomain (9ms)
		LoadAssemblies (72ms)
		RebuildTransferFunctionScriptingTraits (0ms)
		AnalyzeDomain (1ms)
			TypeCache.Refresh (0ms)
				TypeCache.ScanAssembly (0ms)
			ScanForSourceGeneratedMonoScriptInfo (0ms)
			ResolveRequiredComponents (1ms)
	FinalizeReload (335ms)
		ReleaseScriptCaches (0ms)
		RebuildScriptCaches (0ms)
		SetupLoadedEditorAssemblies (203ms)
			LogAssemblyErrors (0ms)
			InitializePlatformSupportModulesInManaged (25ms)
			SetLoadedEditorAssemblies (6ms)
			RefreshPlugins (0ms)
			BeforeProcessingInitializeOnLoad (27ms)
			ProcessInitializeOnLoadAttributes (116ms)
			ProcessInitializeOnLoadMethodAttributes (20ms)
			AfterProcessingInitializeOnLoad (9ms)
			EditorAssembliesLoaded (0ms)
		ExecutionOrderSort2 (0ms)
		AwakeInstancesAfterBackupRestoration (6ms)
Refreshing native plugins compatible for Editor in 0.00 ms, found 0 plugins.
Preloading 0 native plugins for Editor in 0.00 ms.
Unloading 10 Unused Serialized files (Serialized files now loaded: 0)
Unloading 1 unused Assets / (22.7 KB). Loaded Objects now: 543.
Memory consumption went from 51.5 MB to 51.5 MB.
Total: 2.071000 ms (FindLiveObjects: 0.047900 ms CreateObjectMapping: 0.003900 ms MarkObjects: 2.001500 ms  DeleteObjects: 0.016900 ms)

Prepare: number of updated asset objects reloaded= 0
AssetImportParameters requested are different than current active one (requested -> active):
  custom:container-muxer-webm: aa71ff27fc2769a1b78a27578f13a17b -> 
  custom:video-decoder-ogg-theora: a1e56fd34408186e4bbccfd4996cb3dc -> 
  custom:container-demuxer-webm: 4f35f7cbe854078d1ac9338744f61a02 -> 
  custom:video-encoder-webm-vp8: eb34c28f22e8b96e1ab97ce403110664 -> 
  custom:CustomObjectIndexerAttribute: 756ad292c208cfabdd7b50bc23989ffe -> 
  custom:audio-encoder-webm-vorbis: bf7c407c2cedff20999df2af8eb42d56 -> 
  custom:framework-win-MediaFoundation: 216162199b28c13a410421893ffa2e32 -> 
  custom:container-demuxer-ogg: 62fdf1f143b41e24485cea50d1cbac27 -> 
  custom:video-decoder-webm-vp8: 9c59270c3fd7afecdb556c50c9e8de78 -> 
  custom:audio-decoder-ogg-vorbis: bf7c407c2cedff20999df2af8eb42d56 -> 
  custom:AudioImporter_EditorPlatform: d09bf68614088b80899f8185d706f6e7 -> 
========================================================================
Received Prepare
Begin MonoManager ReloadAssembly
- Loaded All Assemblies, in  0.199 seconds
Refreshing native plugins compatible for Editor in 0.00 ms, found 0 plugins.
Native extension for WindowsStandalone target not found
Native extension for Android target not found
Mono: successfully reloaded assembly
- Finished resetting the current domain, in  0.325 seconds
Domain Reload Profiling: 522ms
	BeginReloadAssembly (119ms)
		ExecutionOrderSort (0ms)
		DisableScriptedObjects (5ms)
		BackupInstance (0ms)
		ReleaseScriptingObjects (0ms)
		CreateAndSetChildDomain (17ms)
	RebuildCommonClasses (33ms)
	RebuildNativeTypeToScriptingClass (11ms)
	initialDomainReloadingComplete (25ms)
	LoadAllAssembliesAndSetupDomain (9ms)
		LoadAssemblies (69ms)
		RebuildTransferFunctionScriptingTraits (0ms)
		AnalyzeDomain (1ms)
			TypeCache.Refresh (0ms)
				TypeCache.ScanAssembly (0ms)
			ScanForSourceGeneratedMonoScriptInfo (0ms)
			ResolveRequiredComponents (1ms)
	FinalizeReload (325ms)
		ReleaseScriptCaches (0ms)
		RebuildScriptCaches (0ms)
		SetupLoadedEditorAssemblies (197ms)
			LogAssemblyErrors (0ms)
			InitializePlatformSupportModulesInManaged (24ms)
			SetLoadedEditorAssemblies (6ms)
			RefreshPlugins (0ms)
			BeforeProcessingInitializeOnLoad (27ms)
			ProcessInitializeOnLoadAttributes (113ms)
			ProcessInitializeOnLoadMethodAttributes (18ms)
			AfterProcessingInitializeOnLoad (8ms)
			EditorAssembliesLoaded (0ms)
		ExecutionOrderSort2 (0ms)
		AwakeInstancesAfterBackupRestoration (6ms)
Refreshing native plugins compatible for Editor in 0.00 ms, found 0 plugins.
Preloading 0 native plugins for Editor in 0.00 ms.
Unloading 11 Unused Serialized files (Serialized files now loaded: 0)
Unloading 1 unused Assets / (22.7 KB). Loaded Objects now: 543.
Memory consumption went from 51.8 MB to 51.7 MB.
Total: 2.016800 ms (FindLiveObjects: 0.045900 ms CreateObjectMapping: 0.003300 ms MarkObjects: 1.946300 ms  DeleteObjects: 0.020300 ms)

Prepare: number of updated asset objects reloaded= 0
AssetImportParameters requested are different than current active one (requested -> active):
  custom:container-muxer-webm: aa71ff27fc2769a1b78a27578f13a17b -> 
  custom:video-decoder-ogg-theora: a1e56fd34408186e4bbccfd4996cb3dc -> 
  custom:container-demuxer-webm: 4f35f7cbe854078d1ac9338744f61a02 -> 
  custom:video-encoder-webm-vp8: eb34c28f22e8b96e1ab97ce403110664 -> 
  custom:CustomObjectIndexerAttribute: 756ad292c208cfabdd7b50bc23989ffe -> 
  custom:audio-encoder-webm-vorbis: bf7c407c2cedff20999df2af8eb42d56 -> 
  custom:framework-win-MediaFoundation: 216162199b28c13a410421893ffa2e32 -> 
  custom:container-demuxer-ogg: 62fdf1f143b41e24485cea50d1cbac27 -> 
  custom:video-decoder-webm-vp8: 9c59270c3fd7afecdb556c50c9e8de78 -> 
  custom:audio-decoder-ogg-vorbis: bf7c407c2cedff20999df2af8eb42d56 -> 
  custom:AudioImporter_EditorPlatform: d09bf68614088b80899f8185d706f6e7 -> 
========================================================================
Received Prepare
Begin MonoManager ReloadAssembly
- Loaded All Assemblies, in  0.200 seconds
Refreshing native plugins compatible for Editor in 0.00 ms, found 0 plugins.
Native extension for WindowsStandalone target not found
Native extension for Android target not found
Mono: successfully reloaded assembly
- Finished resetting the current domain, in  0.327 seconds
Domain Reload Profiling: 525ms
	BeginReloadAssembly (119ms)
		ExecutionOrderSort (0ms)
		DisableScriptedObjects (5ms)
		BackupInstance (0ms)
		ReleaseScriptingObjects (0ms)
		CreateAndSetChildDomain (17ms)
	RebuildCommonClasses (33ms)
	RebuildNativeTypeToScriptingClass (11ms)
	initialDomainReloadingComplete (25ms)
	LoadAllAssembliesAndSetupDomain (9ms)
		LoadAssemblies (71ms)
		RebuildTransferFunctionScriptingTraits (0ms)
		AnalyzeDomain (1ms)
			TypeCache.Refresh (0ms)
				TypeCache.ScanAssembly (0ms)
			ScanForSourceGeneratedMonoScriptInfo (0ms)
			ResolveRequiredComponents (1ms)
	FinalizeReload (328ms)
		ReleaseScriptCaches (0ms)
		RebuildScriptCaches (0ms)
		SetupLoadedEditorAssemblies (198ms)
			LogAssemblyErrors (0ms)
			InitializePlatformSupportModulesInManaged (25ms)
			SetLoadedEditorAssemblies (6ms)
			RefreshPlugins (0ms)
			BeforeProcessingInitializeOnLoad (27ms)
			ProcessInitializeOnLoadAttributes (113ms)
			ProcessInitializeOnLoadMethodAttributes (18ms)
			AfterProcessingInitializeOnLoad (9ms)
			EditorAssembliesLoaded (0ms)
		ExecutionOrderSort2 (0ms)
		AwakeInstancesAfterBackupRestoration (6ms)
Refreshing native plugins compatible for Editor in 0.00 ms, found 0 plugins.
Preloading 0 native plugins for Editor in 0.00 ms.
Unloading 11 Unused Serialized files (Serialized files now loaded: 0)
Unloading 1 unused Assets / (22.7 KB). Loaded Objects now: 543.
Memory consumption went from 51.8 MB to 51.7 MB.
Total: 1.985700 ms (FindLiveObjects: 0.043800 ms CreateObjectMapping: 0.003200 ms MarkObjects: 1.919300 ms  DeleteObjects: 0.018400 ms)

Prepare: number of updated asset objects reloaded= 0
AssetImportParameters requested are different than current active one (requested -> active):
  custom:container-muxer-webm: aa71ff27fc2769a1b78a27578f13a17b -> 
  custom:video-decoder-ogg-theora: a1e56fd34408186e4bbccfd4996cb3dc -> 
  custom:container-demuxer-webm: 4f35f7cbe854078d1ac9338744f61a02 -> 
  custom:video-encoder-webm-vp8: eb34c28f22e8b96e1ab97ce403110664 -> 
  custom:CustomObjectIndexerAttribute: 756ad292c208cfabdd7b50bc23989ffe -> 
  custom:audio-encoder-webm-vorbis: bf7c407c2cedff20999df2af8eb42d56 -> 
  custom:framework-win-MediaFoundation: 216162199b28c13a410421893ffa2e32 -> 
  custom:container-demuxer-ogg: 62fdf1f143b41e24485cea50d1cbac27 -> 
  custom:video-decoder-webm-vp8: 9c59270c3fd7afecdb556c50c9e8de78 -> 
  custom:audio-decoder-ogg-vorbis: bf7c407c2cedff20999df2af8eb42d56 -> 
  custom:AudioImporter_EditorPlatform: d09bf68614088b80899f8185d706f6e7 -> 
========================================================================
Received Prepare
Begin MonoManager ReloadAssembly
- Loaded All Assemblies, in  0.198 seconds
Refreshing native plugins compatible for Editor in 0.00 ms, found 0 plugins.
Native extension for WindowsStandalone target not found
Native extension for Android target not found
Mono: successfully reloaded assembly
- Finished resetting the current domain, in  0.329 seconds
Domain Reload Profiling: 525ms
	BeginReloadAssembly (118ms)
		ExecutionOrderSort (0ms)
		DisableScriptedObjects (5ms)
		BackupInstance (0ms)
		ReleaseScriptingObjects (0ms)
		CreateAndSetChildDomain (17ms)
	RebuildCommonClasses (32ms)
	RebuildNativeTypeToScriptingClass (11ms)
	initialDomainReloadingComplete (24ms)
	LoadAllAssembliesAndSetupDomain (9ms)
		LoadAssemblies (70ms)
		RebuildTransferFunctionScriptingTraits (0ms)
		AnalyzeDomain (1ms)
			TypeCache.Refresh (0ms)
				TypeCache.ScanAssembly (0ms)
			ScanForSourceGeneratedMonoScriptInfo (0ms)
			ResolveRequiredComponents (1ms)
	FinalizeReload (330ms)
		ReleaseScriptCaches (0ms)
		RebuildScriptCaches (0ms)
		SetupLoadedEditorAssemblies (200ms)
			LogAssemblyErrors (0ms)
			InitializePlatformSupportModulesInManaged (25ms)
			SetLoadedEditorAssemblies (6ms)
			RefreshPlugins (0ms)
			BeforeProcessingInitializeOnLoad (27ms)
			ProcessInitializeOnLoadAttributes (115ms)
			ProcessInitializeOnLoadMethodAttributes (19ms)
			AfterProcessingInitializeOnLoad (8ms)
			EditorAssembliesLoaded (0ms)
		ExecutionOrderSort2 (0ms)
		AwakeInstancesAfterBackupRestoration (6ms)
Refreshing native plugins compatible for Editor in 0.00 ms, found 0 plugins.
Preloading 0 native plugins for Editor in 0.00 ms.
Unloading 11 Unused Serialized files (Serialized files now loaded: 0)
Unloading 1 unused Assets / (22.8 KB). Loaded Objects now: 543.
Memory consumption went from 51.8 MB to 51.7 MB.
Total: 2.295700 ms (FindLiveObjects: 0.046100 ms CreateObjectMapping: 0.003200 ms MarkObjects: 2.225800 ms  DeleteObjects: 0.019700 ms)

Prepare: number of updated asset objects reloaded= 0
AssetImportParameters requested are different than current active one (requested -> active):
  custom:container-muxer-webm: aa71ff27fc2769a1b78a27578f13a17b -> 
  custom:video-decoder-ogg-theora: a1e56fd34408186e4bbccfd4996cb3dc -> 
  custom:container-demuxer-webm: 4f35f7cbe854078d1ac9338744f61a02 -> 
  custom:video-encoder-webm-vp8: eb34c28f22e8b96e1ab97ce403110664 -> 
  custom:CustomObjectIndexerAttribute: 756ad292c208cfabdd7b50bc23989ffe -> 
  custom:audio-encoder-webm-vorbis: bf7c407c2cedff20999df2af8eb42d56 -> 
  custom:framework-win-MediaFoundation: 216162199b28c13a410421893ffa2e32 -> 
  custom:container-demuxer-ogg: 62fdf1f143b41e24485cea50d1cbac27 -> 
  custom:video-decoder-webm-vp8: 9c59270c3fd7afecdb556c50c9e8de78 -> 
  custom:audio-decoder-ogg-vorbis: bf7c407c2cedff20999df2af8eb42d56 -> 
  custom:AudioImporter_EditorPlatform: d09bf68614088b80899f8185d706f6e7 -> 
========================================================================
Received Prepare
Begin MonoManager ReloadAssembly
- Loaded All Assemblies, in  0.201 seconds
Refreshing native plugins compatible for Editor in 0.00 ms, found 0 plugins.
Native extension for WindowsStandalone target not found
Native extension for Android target not found
Mono: successfully reloaded assembly
- Finished resetting the current domain, in  0.327 seconds
Domain Reload Profiling: 526ms
	BeginReloadAssembly (120ms)
		ExecutionOrderSort (0ms)
		DisableScriptedObjects (6ms)
		BackupInstance (0ms)
		ReleaseScriptingObjects (0ms)
		CreateAndSetChildDomain (17ms)
	RebuildCommonClasses (33ms)
	RebuildNativeTypeToScriptingClass (12ms)
	initialDomainReloadingComplete (25ms)
	LoadAllAssembliesAndSetupDomain (9ms)
		LoadAssemblies (71ms)
		RebuildTransferFunctionScriptingTraits (0ms)
		AnalyzeDomain (1ms)
			TypeCache.Refresh (0ms)
				TypeCache.ScanAssembly (0ms)
			ScanForSourceGeneratedMonoScriptInfo (0ms)
			ResolveRequiredComponents (1ms)
	FinalizeReload (327ms)
		ReleaseScriptCaches (0ms)
		RebuildScriptCaches (0ms)
		SetupLoadedEditorAssemblies (198ms)
			LogAssemblyErrors (0ms)
			InitializePlatformSupportModulesInManaged (25ms)
			SetLoadedEditorAssemblies (6ms)
			RefreshPlugins (0ms)
			BeforeProcessingInitializeOnLoad (27ms)
			ProcessInitializeOnLoadAttributes (114ms)
			ProcessInitializeOnLoadMethodAttributes (18ms)
			AfterProcessingInitializeOnLoad (9ms)
			EditorAssembliesLoaded (0ms)
		ExecutionOrderSort2 (0ms)
		AwakeInstancesAfterBackupRestoration (6ms)
Refreshing native plugins compatible for Editor in 0.00 ms, found 0 plugins.
Preloading 0 native plugins for Editor in 0.00 ms.
Unloading 11 Unused Serialized files (Serialized files now loaded: 0)
Unloading 1 unused Assets / (22.8 KB). Loaded Objects now: 543.
Memory consumption went from 51.8 MB to 51.7 MB.
Total: 2.155800 ms (FindLiveObjects: 0.045700 ms CreateObjectMapping: 0.003200 ms MarkObjects: 2.086900 ms  DeleteObjects: 0.019100 ms)

Prepare: number of updated asset objects reloaded= 0
AssetImportParameters requested are different than current active one (requested -> active):
  custom:container-muxer-webm: aa71ff27fc2769a1b78a27578f13a17b -> 
  custom:video-decoder-ogg-theora: a1e56fd34408186e4bbccfd4996cb3dc -> 
  custom:container-demuxer-webm: 4f35f7cbe854078d1ac9338744f61a02 -> 
  custom:video-encoder-webm-vp8: eb34c28f22e8b96e1ab97ce403110664 -> 
  custom:CustomObjectIndexerAttribute: 756ad292c208cfabdd7b50bc23989ffe -> 
  custom:audio-encoder-webm-vorbis: bf7c407c2cedff20999df2af8eb42d56 -> 
  custom:framework-win-MediaFoundation: 216162199b28c13a410421893ffa2e32 -> 
  custom:container-demuxer-ogg: 62fdf1f143b41e24485cea50d1cbac27 -> 
  custom:video-decoder-webm-vp8: 9c59270c3fd7afecdb556c50c9e8de78 -> 
  custom:audio-decoder-ogg-vorbis: bf7c407c2cedff20999df2af8eb42d56 -> 
  custom:AudioImporter_EditorPlatform: d09bf68614088b80899f8185d706f6e7 -> 
========================================================================
Received Import Request.
  Time since last request: 684.190506 seconds.
  path: Assets/Kino/Glitch/DigitalGlitch.cs
  artifactKey: Guid(9a3a070408aa941ab83ae10be1708848) Importer(815301076,1909f56bfc062723c751e8b465ee728b)
Start importing Assets/Kino/Glitch/DigitalGlitch.cs using Guid(9a3a070408aa941ab83ae10be1708848) Importer(815301076,1909f56bfc062723c751e8b465ee728b)  -> (artifact id: 'c87af0cdd2340474e016c1e8095a767f') in 0.004013 seconds
Number of updated asset objects reloaded before import = 0
Number of asset objects unloaded after import = 0
========================================================================
Received Import Request.
  Time since last request: 86.534761 seconds.
  path: Assets/CalibrationScene/Model/SamplePot.fbx
  artifactKey: Guid(ca5eceb85768ac841bd2c12921c1cef2) Importer(815301076,1909f56bfc062723c751e8b465ee728b)
Start importing Assets/CalibrationScene/Model/SamplePot.fbx using Guid(ca5eceb85768ac841bd2c12921c1cef2) Importer(815301076,1909f56bfc062723c751e8b465ee728b)  -> (artifact id: '113e1404f85f041bb62c70874981faea') in 0.112979 seconds
Number of updated asset objects reloaded before import = 0
Number of asset objects unloaded after import = 19
========================================================================
Received Import Request.
  Time since last request: 2.437444 seconds.
  path: Assets/Test/Test.unity
  artifactKey: Guid(063e3411f747c4651a4db83a8f64c3df) Importer(815301076,1909f56bfc062723c751e8b465ee728b)
Start importing Assets/Test/Test.unity using Guid(063e3411f747c4651a4db83a8f64c3df) Importer(815301076,1909f56bfc062723c751e8b465ee728b)  -> (artifact id: 'd1d4e478f764da0972563a39a897654f') in 0.000567 seconds
Number of updated asset objects reloaded before import = 0
Number of asset objects unloaded after import = 0
========================================================================
Received Prepare
Trying to reload asset but can't find object on disk
Trying to reload asset but can't find object on disk
Trying to reload asset but can't find object on disk
Trying to reload asset but can't find object on disk
Trying to reload asset but can't find object on disk
Trying to reload asset but can't find object on disk
Trying to reload asset but can't find object on disk
Begin MonoManager ReloadAssembly
- Loaded All Assemblies, in  0.198 seconds
Refreshing native plugins compatible for Editor in 0.00 ms, found 0 plugins.
Native extension for WindowsStandalone target not found
Native extension for Android target not found
Mono: successfully reloaded assembly
- Finished resetting the current domain, in  0.326 seconds
Domain Reload Profiling: 522ms
	BeginReloadAssembly (118ms)
		ExecutionOrderSort (0ms)
		DisableScriptedObjects (4ms)
		BackupInstance (0ms)
		ReleaseScriptingObjects (0ms)
		CreateAndSetChildDomain (19ms)
	RebuildCommonClasses (33ms)
	RebuildNativeTypeToScriptingClass (11ms)
	initialDomainReloadingComplete (24ms)
	LoadAllAssembliesAndSetupDomain (9ms)
		LoadAssemblies (70ms)
		RebuildTransferFunctionScriptingTraits (0ms)
		AnalyzeDomain (1ms)
			TypeCache.Refresh (0ms)
				TypeCache.ScanAssembly (0ms)
			ScanForSourceGeneratedMonoScriptInfo (0ms)
			ResolveRequiredComponents (1ms)
	FinalizeReload (326ms)
		ReleaseScriptCaches (0ms)
		RebuildScriptCaches (0ms)
		SetupLoadedEditorAssemblies (197ms)
			LogAssemblyErrors (0ms)
			InitializePlatformSupportModulesInManaged (28ms)
			SetLoadedEditorAssemblies (5ms)
			RefreshPlugins (0ms)
			BeforeProcessingInitializeOnLoad (27ms)
			ProcessInitializeOnLoadAttributes (111ms)
			ProcessInitializeOnLoadMethodAttributes (18ms)
			AfterProcessingInitializeOnLoad (9ms)
			EditorAssembliesLoaded (0ms)
		ExecutionOrderSort2 (0ms)
		AwakeInstancesAfterBackupRestoration (6ms)
Refreshing native plugins compatible for Editor in 0.00 ms, found 0 plugins.
Preloading 0 native plugins for Editor in 0.00 ms.
Unloading 10 Unused Serialized files (Serialized files now loaded: 0)
Unloading 1 unused Assets / (22.7 KB). Loaded Objects now: 543.
Memory consumption went from 51.6 MB to 51.6 MB.
Total: 2.057700 ms (FindLiveObjects: 0.046200 ms CreateObjectMapping: 0.003300 ms MarkObjects: 1.990900 ms  DeleteObjects: 0.016400 ms)

Prepare: number of updated asset objects reloaded= 0
AssetImportParameters requested are different than current active one (requested -> active):
  custom:container-muxer-webm: aa71ff27fc2769a1b78a27578f13a17b -> 
  custom:video-decoder-ogg-theora: a1e56fd34408186e4bbccfd4996cb3dc -> 
  custom:container-demuxer-webm: 4f35f7cbe854078d1ac9338744f61a02 -> 
  custom:video-encoder-webm-vp8: eb34c28f22e8b96e1ab97ce403110664 -> 
  custom:CustomObjectIndexerAttribute: 756ad292c208cfabdd7b50bc23989ffe -> 
  custom:audio-encoder-webm-vorbis: bf7c407c2cedff20999df2af8eb42d56 -> 
  custom:framework-win-MediaFoundation: 216162199b28c13a410421893ffa2e32 -> 
  custom:container-demuxer-ogg: 62fdf1f143b41e24485cea50d1cbac27 -> 
  custom:video-decoder-webm-vp8: 9c59270c3fd7afecdb556c50c9e8de78 -> 
  custom:audio-decoder-ogg-vorbis: bf7c407c2cedff20999df2af8eb42d56 -> 
  custom:AudioImporter_EditorPlatform: d09bf68614088b80899f8185d706f6e7 -> 
========================================================================
Received Import Request.
  Time since last request: 919.959060 seconds.
  path: Assets
  artifactKey: Guid(00000000000000001000000000000000) Importer(815301076,1909f56bfc062723c751e8b465ee728b)
Start importing Assets using Guid(00000000000000001000000000000000) Importer(815301076,1909f56bfc062723c751e8b465ee728b)  -> (artifact id: '8a4fe85251aa2e89732c359432baa2c3') in 0.002201 seconds
Number of updated asset objects reloaded before import = 0
Number of asset objects unloaded after import = 0
========================================================================
Received Prepare
Trying to reload asset but can't find object on disk
Trying to reload asset but can't find object on disk
Trying to reload asset but can't find object on disk
Trying to reload asset but can't find object on disk
Trying to reload asset but can't find object on disk
Trying to reload asset but can't find object on disk
Trying to reload asset but can't find object on disk
Begin MonoManager ReloadAssembly
- Loaded All Assemblies, in  0.545 seconds
Refreshing native plugins compatible for Editor in 0.00 ms, found 0 plugins.
Native extension for WindowsStandalone target not found
Native extension for Android target not found
Mono: successfully reloaded assembly
- Finished resetting the current domain, in  0.570 seconds
Domain Reload Profiling: 1112ms
	BeginReloadAssembly (125ms)
		ExecutionOrderSort (0ms)
		DisableScriptedObjects (5ms)
		BackupInstance (0ms)
		ReleaseScriptingObjects (0ms)
		CreateAndSetChildDomain (19ms)
	RebuildCommonClasses (35ms)
	RebuildNativeTypeToScriptingClass (12ms)
	initialDomainReloadingComplete (46ms)
	LoadAllAssembliesAndSetupDomain (323ms)
		LoadAssemblies (198ms)
		RebuildTransferFunctionScriptingTraits (0ms)
		AnalyzeDomain (190ms)
			TypeCache.Refresh (169ms)
				TypeCache.ScanAssembly (162ms)
			ScanForSourceGeneratedMonoScriptInfo (11ms)
			ResolveRequiredComponents (10ms)
	FinalizeReload (570ms)
		ReleaseScriptCaches (0ms)
		RebuildScriptCaches (0ms)
		SetupLoadedEditorAssemblies (430ms)
			LogAssemblyErrors (0ms)
			InitializePlatformSupportModulesInManaged (25ms)
			SetLoadedEditorAssemblies (4ms)
			RefreshPlugins (0ms)
			BeforeProcessingInitializeOnLoad (55ms)
			ProcessInitializeOnLoadAttributes (130ms)
			ProcessInitializeOnLoadMethodAttributes (205ms)
			AfterProcessingInitializeOnLoad (9ms)
			EditorAssembliesLoaded (2ms)
		ExecutionOrderSort2 (0ms)
		AwakeInstancesAfterBackupRestoration (9ms)
Shader 'Universal Render Pipeline/Particles/Simple Lit': fallback shader 'Universal Render Pipeline/Particles/Unlit' not found
Shader 'Universal Render Pipeline/Nature/SpeedTree7': fallback shader 'Hidden/Universal Render Pipeline/FallbackError' not found
Shader 'Universal Render Pipeline/Nature/SpeedTree7': dependency 'BillboardShader' shader 'Universal Render Pipeline/Nature/SpeedTree7 Billboard' not found
Shader 'Hidden/Universal Render Pipeline/Terrain/Lit (Add Pass)': fallback shader 'Hidden/Universal Render Pipeline/FallbackError' not found
Shader 'Hidden/Universal Render Pipeline/Terrain/Lit (Base Pass)': fallback shader 'Hidden/Universal Render Pipeline/FallbackError' not found
WARNING: Shader Unsupported: 'Hidden/Universal Render Pipeline/Terrain/Lit (Base Pass)' - All subshaders removed
WARNING: Shader Did you use #pragma only_renderers and omit this platform?
WARNING: Shader If subshaders removal was intentional, you may have forgotten turning Fallback off?
WARNING: Shader Unsupported: 'Hidden/Universal Render Pipeline/Terrain/Lit (Base Pass)' - All subshaders removed
WARNING: Shader Did you use #pragma only_renderers and omit this platform?
WARNING: Shader If subshaders removal was intentional, you may have forgotten turning Fallback off?
Shader 'Universal Render Pipeline/Unlit': fallback shader 'Hidden/Universal Render Pipeline/FallbackError' not found
Shader 'Hidden/Universal Render Pipeline/StencilDeferred': fallback shader 'Hidden/Universal Render Pipeline/FallbackError' not found
Shader 'Universal Render Pipeline/Simple Lit': fallback shader 'Hidden/Universal Render Pipeline/FallbackError' not found
Shader 'Hidden/Universal Render Pipeline/FallbackError': fallback shader 'Hidden/Core/FallbackError' not found
Refreshing native plugins compatible for Editor in 0.00 ms, found 0 plugins.
Preloading 0 native plugins for Editor in 0.00 ms.
Unloading 2125 Unused Serialized files (Serialized files now loaded: 0)
Unloading 88 unused Assets / (6.8 MB). Loaded Objects now: 2571.
Memory consumption went from 123.2 MB to 116.4 MB.
Total: 5.338100 ms (FindLiveObjects: 0.229000 ms CreateObjectMapping: 0.062000 ms MarkObjects: 2.360200 ms  DeleteObjects: 2.685600 ms)

Prepare: number of updated asset objects reloaded= 0
AssetImportParameters requested are different than current active one (requested -> active):
  custom:video-decoder-webm-vp8: 9c59270c3fd7afecdb556c50c9e8de78 -> 
  custom:container-demuxer-ogg: 62fdf1f143b41e24485cea50d1cbac27 -> 
  custom:AudioImporter_EditorPlatform: d09bf68614088b80899f8185d706f6e7 -> 
  custom:video-decoder-ogg-theora: a1e56fd34408186e4bbccfd4996cb3dc -> 
  custom:framework-win-MediaFoundation: 216162199b28c13a410421893ffa2e32 -> 
  custom:video-encoder-webm-vp8: eb34c28f22e8b96e1ab97ce403110664 -> 
  custom:audio-decoder-ogg-vorbis: bf7c407c2cedff20999df2af8eb42d56 -> 
  custom:CustomObjectIndexerAttribute: 756ad292c208cfabdd7b50bc23989ffe -> 
  custom:container-demuxer-webm: 4f35f7cbe854078d1ac9338744f61a02 -> 
  custom:audio-encoder-webm-vorbis: bf7c407c2cedff20999df2af8eb42d56 -> 
  custom:container-muxer-webm: aa71ff27fc2769a1b78a27578f13a17b -> 
